
> frontend@0.1.0 dev
> next dev

▲ Next.js 16.2.4 (Turbopack)
- Local:         http://localhost:3000
- Network:       http://192.168.2.195:3000
- Environments: .env.local
✓ Ready in 866ms

 GET / 200 in 2.4s (next.js: 1444ms, application-code: 916ms)
 GET / 200 in 2.4s (next.js: 1612ms, application-code: 836ms)
⨯ upstream image http://localhost:1337/uploads/coat_of_arms_933bc3d888.png resolved to private ip ["::1","127.0.0.1"]
 GET /robots.txt 200 in 248ms (next.js: 224ms, application-code: 24ms)
⨯ upstream image http://localhost:1337/uploads/coat_of_arms_933bc3d888.png resolved to private ip ["::1","127.0.0.1"]
[browser] Image with src "http://localhost:1337/uploads/coat_of_arms_933bc3d888.png" has "fill" but is missing "sizes" prop. Please add it to improve page performance. Read more: https://nextjs.org/docs/api-reference/next/image#sizes
[browser] Image with src "http://localhost:1337/uploads/coat_of_arms_933bc3d888.png" has "fill" but is missing "sizes" prop. Please add it to improve page performance. Read more: https://nextjs.org/docs/api-reference/next/image#sizes
 GET / 200 in 98ms (next.js: 32ms, application-code: 67ms)
 GET /robots.txt 200 in 7ms (next.js: 3ms, application-code: 4ms)
⨯ upstream image http://localhost:1337/uploads/coat_of_arms_933bc3d888.png resolved to private ip ["::1","127.0.0.1"]
[browser] Image with src "http://localhost:1337/uploads/coat_of_arms_933bc3d888.png" has "fill" but is missing "sizes" prop. Please add it to improve page performance. Read more: https://nextjs.org/docs/api-reference/next/image#sizes
 GET / 200 in 138ms (next.js: 40ms, application-code: 98ms)
⨯ upstream image http://localhost:1337/uploads/coat_of_arms_933bc3d888.png resolved to private ip ["::1","127.0.0.1"]
[browser] Image with src "http://localhost:1337/uploads/coat_of_arms_933bc3d888.png" has "fill" but is missing "sizes" prop. Please add it to improve page performance. Read more: https://nextjs.org/docs/api-reference/next/image#sizes
⨯ upstream image http://localhost:1337/uploads/coat_of_arms_933bc3d888.png resolved to private ip ["::1","127.0.0.1"]
✓ Compiled in 819ms
 GET / 200 in 91ms (next.js: 17ms, application-code: 74ms)
 GET / 200 in 74ms (next.js: 9ms, application-code: 65ms)
 GET / 200 in 33ms (next.js: 16ms, application-code: 17ms)
 GET / 200 in 64ms (next.js: 3ms, application-code: 62ms)
 GET / 200 in 167ms (next.js: 24ms, application-code: 143ms)
 GET / 200 in 63ms (next.js: 3ms, application-code: 60ms)
⨯ upstream image http://localhost:1337/uploads/coat_of_arms_933bc3d888.png resolved to private ip ["::1","127.0.0.1"]
Bad Request
FetchAPI Error: Error: An error occurred please try again: Bad Request
    at fetchAPI (lib/strapi.ts:55:13)
    at async getHomeData (lib/strapi.ts:70:17)
    at async Home (app/(public)/page.tsx:13:16)
  53 |     if (!response.ok) {
  54 |       console.error(response.statusText);
> 55 |       throw new Error(`An error occurred please try again: ${response.statusText}`);
     |             ^
  56 |     }
  57 |
  58 |     const data = await response.json();
Error fetching Home data: Error: Please check if your Strapi server is running and accessible.
    at fetchAPI (lib/strapi.ts:62:11)
    at async getHomeData (lib/strapi.ts:70:17)
    at async Home (app/(public)/page.tsx:13:16)
  60 |   } catch (error) {
  61 |     console.error('FetchAPI Error:', error);
> 62 |     throw new Error('Please check if your Strapi server is running and accessible.');
     |           ^
  63 |   }
  64 | }
  65 |
Bad Request
FetchAPI Error: Error: An error occurred please try again: Bad Request
    at fetchAPI (lib/strapi.ts:55:13)
    at async getHomeData (lib/strapi.ts:70:17)
    at async Home (app/(public)/page.tsx:13:16)
  53 |     if (!response.ok) {
  54 |       console.error(response.statusText);
> 55 |       throw new Error(`An error occurred please try again: ${response.statusText}`);
     |             ^
  56 |     }
  57 |
  58 |     const data = await response.json();
Error fetching Home data: Error: Please check if your Strapi server is running and accessible.
    at fetchAPI (lib/strapi.ts:62:11)
    at async getHomeData (lib/strapi.ts:70:17)
    at async Home (app/(public)/page.tsx:13:16)
  60 |   } catch (error) {
  61 |     console.error('FetchAPI Error:', error);
> 62 |     throw new Error('Please check if your Strapi server is running and accessible.');
     |           ^
  63 |   }
  64 | }
  65 |
 GET / 200 in 145ms (next.js: 7ms, application-code: 138ms)
 GET / 200 in 144ms (next.js: 39ms, application-code: 104ms)
✓ Compiled in 56ms
 GET / 200 in 158ms (next.js: 19ms, application-code: 140ms)
 GET / 200 in 159ms (next.js: 17ms, application-code: 142ms)
 GET / 200 in 108ms (next.js: 12ms, application-code: 95ms)
 GET / 200 in 85ms (next.js: 1327µs, application-code: 84ms)
 GET / 200 in 40ms (next.js: 1358µs, application-code: 39ms)
 GET / 200 in 138ms (next.js: 22ms, application-code: 116ms)
 GET / 200 in 40ms (next.js: 3ms, application-code: 37ms)
 GET / 200 in 59ms (next.js: 4ms, application-code: 55ms)
 GET / 200 in 625ms (next.js: 248ms, application-code: 377ms)
 GET / 200 in 615ms (next.js: 170ms, application-code: 445ms)
 GET / 200 in 330ms (next.js: 100ms, application-code: 230ms)
 GET / 200 in 338ms (next.js: 68ms, application-code: 270ms)
 GET / 200 in 246ms (next.js: 27ms, application-code: 220ms)
 GET / 200 in 191ms (next.js: 3ms, application-code: 188ms)
 GET / 200 in 188ms (next.js: 13ms, application-code: 175ms)
 GET / 200 in 178ms (next.js: 28ms, application-code: 150ms)
 GET / 200 in 121ms (next.js: 2ms, application-code: 119ms)
 GET / 200 in 111ms (next.js: 3ms, application-code: 108ms)
 GET / 200 in 559ms (next.js: 16ms, application-code: 544ms)
 GET / 200 in 129ms (next.js: 4ms, application-code: 125ms)
 GET / 200 in 139ms (next.js: 4ms, application-code: 135ms)
 GET / 200 in 77ms (next.js: 8ms, application-code: 69ms)
 GET /news/oag-signs-cooperation-agreement-new-zealand 200 in 745ms (next.js: 626ms, application-code: 119ms)
 GET /reports 200 in 128ms (next.js: 54ms, application-code: 74ms)
 GET / 200 in 45ms (next.js: 9ms, application-code: 35ms)
 GET /reports 200 in 39ms (next.js: 12ms, application-code: 27ms)
 GET /reports/performance-audit-rural-water-supply-sanitation 200 in 2.4s (next.js: 2.3s, application-code: 99ms)
 GET /reports 200 in 77ms (next.js: 17ms, application-code: 60ms)
 GET /reports/it-systems-audit-national-revenue-management 200 in 102ms (next.js: 20ms, application-code: 82ms)
 GET /reports 200 in 33ms (next.js: 5ms, application-code: 28ms)
 GET / 200 in 92ms (next.js: 30ms, application-code: 62ms)
 GET / 200 in 171ms (next.js: 15ms, application-code: 156ms)
 GET /robots.txt 200 in 126ms (next.js: 76ms, application-code: 51ms)
[browser] A tree hydrated but some attributes of the server rendered HTML didn't match the client properties. This won't be patched up. This can happen if a SSR-ed Client Component used:

- A server/client branch `if (typeof window !== 'undefined')`.
- Variable input such as `Date.now()` or `Math.random()` which changes each time it's called.
- Date formatting in a user's locale which doesn't match the server.
- External changing data without sending a snapshot of it along with the HTML.
- Invalid HTML tag nesting.

It can also happen if the client has a browser extension installed which messes with the HTML before React loaded.

https://react.dev/link/hydration-mismatch

  ...
    <HotReload globalError={[...]} webSocket={WebSocket} staticIndicatorState={{pathname:null, ...}}>
      <AppDevOverlayErrorBoundary globalError={[...]}>
        <ReplaySsrOnlyErrors>
        <DevRootHTTPAccessFallbackBoundary>
          <HTTPAccessFallbackBoundary notFound={<NotAllowedRootHTTPFallbackError>}>
            <HTTPAccessFallbackErrorBoundary pathname="/" notFound={<NotAllowedRootHTTPFallbackError>} ...>
              <RedirectBoundary>
                <RedirectErrorBoundary router={{...}}>
                  <Head>
                  <__next_root_layout_boundary__>
                    <LoadingBoundaryProvider loading={[...]}>
                      <SegmentViewNode type="layout" pagePath="layout.tsx">
                        <SegmentTrieNode>
                        <link>
                        <script>
                        <script>
                        <script>
                        <script>
                        <script>
                        <script>
                        <RootLayout>
                          <html lang="en" suppressHydrationWarning={true}>
                            <body
                              className="inter_5972bc34-module__OU16Qa__className min-h-screen flex flex-col"
-                             cz-shortcut-listen="true"
                            >
                  ...
 
 GET / 200 in 237ms (next.js: 11ms, application-code: 226ms)
 GET / 200 in 190ms (next.js: 26ms, application-code: 164ms)
 GET / 200 in 236ms (next.js: 46ms, application-code: 190ms)
 GET / 200 in 167ms (next.js: 26ms, application-code: 141ms)
 GET / 200 in 144ms (next.js: 40ms, application-code: 104ms)
 GET / 200 in 107ms (next.js: 26ms, application-code: 81ms)
 GET / 200 in 59ms (next.js: 3ms, application-code: 56ms)
 GET / 200 in 32ms (next.js: 2ms, application-code: 30ms)
✓ Compiled in 320ms
 GET / 200 in 329ms (next.js: 21ms, application-code: 308ms)
 GET / 200 in 322ms (next.js: 113ms, application-code: 209ms)
 GET / 200 in 175ms (next.js: 5ms, application-code: 170ms)
 GET / 200 in 173ms (next.js: 46ms, application-code: 127ms)
 GET / 200 in 130ms (next.js: 23ms, application-code: 107ms)
 GET / 200 in 78ms (next.js: 1727µs, application-code: 77ms)
 GET / 200 in 55ms (next.js: 1075µs, application-code: 54ms)
 GET / 200 in 31ms (next.js: 1853µs, application-code: 30ms)
✓ Compiled in 99ms
✓ Compiled in 133ms
 GET / 200 in 360ms (next.js: 150ms, application-code: 210ms)
 GET / 200 in 374ms (next.js: 120ms, application-code: 254ms)
 GET / 200 in 215ms (next.js: 34ms, application-code: 181ms)
 GET / 200 in 381ms (next.js: 38ms, application-code: 343ms)
 GET / 200 in 183ms (next.js: 27ms, application-code: 156ms)
 GET / 200 in 122ms (next.js: 3ms, application-code: 119ms)
 GET / 200 in 98ms (next.js: 5ms, application-code: 92ms)
 GET / 200 in 67ms (next.js: 2ms, application-code: 64ms)
✓ Compiled in 189ms
 GET / 200 in 458ms (next.js: 47ms, application-code: 410ms)
 GET /reports 200 in 52ms (next.js: 16ms, application-code: 37ms)
 GET /news 200 in 140ms (next.js: 66ms, application-code: 73ms)
 GET /about 200 in 91ms (next.js: 34ms, application-code: 57ms)
 GET /about 200 in 55ms (next.js: 10ms, application-code: 45ms)
 GET /about 200 in 39ms (next.js: 3ms, application-code: 36ms)
 GET /functions 200 in 214ms (next.js: 62ms, application-code: 151ms)
 GET /about 200 in 57ms (next.js: 3ms, application-code: 54ms)
 GET /functions 200 in 91ms (next.js: 19ms, application-code: 72ms)
 GET /resources 200 in 148ms (next.js: 55ms, application-code: 93ms)
 GET /opportunities 200 in 209ms (next.js: 76ms, application-code: 133ms)
 GET /contact 200 in 51ms (next.js: 30ms, application-code: 21ms)
 GET /reports 200 in 67ms (next.js: 19ms, application-code: 48ms)
 GET /news 200 in 36ms (next.js: 4ms, application-code: 32ms)
 GET /about 200 in 72ms (next.js: 5ms, application-code: 67ms)
 GET /functions 200 in 79ms (next.js: 21ms, application-code: 58ms)
 GET /resources 200 in 30ms (next.js: 6ms, application-code: 24ms)
 GET /opportunities 200 in 24ms (next.js: 6ms, application-code: 18ms)
 GET /contact 200 in 32ms (next.js: 7ms, application-code: 24ms)
 GET /opportunities 200 in 41ms (next.js: 8ms, application-code: 32ms)
 GET /resources 200 in 24ms (next.js: 5ms, application-code: 19ms)
 GET /functions 200 in 36ms (next.js: 6ms, application-code: 30ms)
 GET / 200 in 188ms (next.js: 42ms, application-code: 146ms)
 GET /reports 200 in 70ms (next.js: 13ms, application-code: 57ms)
 GET /news 200 in 43ms (next.js: 8ms, application-code: 35ms)
 GET /about 200 in 104ms (next.js: 10ms, application-code: 94ms)
 GET /functions 200 in 44ms (next.js: 11ms, application-code: 33ms)
 GET /resources 200 in 35ms (next.js: 10ms, application-code: 25ms)
 GET /opportunities 200 in 39ms (next.js: 5ms, application-code: 34ms)
 GET /contact 200 in 81ms (next.js: 14ms, application-code: 67ms)
 GET / 200 in 74ms (next.js: 12ms, application-code: 62ms)
 GET / 200 in 909ms (next.js: 369ms, application-code: 540ms)
 GET /reports 200 in 112ms (next.js: 28ms, application-code: 85ms)
 GET /news 200 in 128ms (next.js: 67ms, application-code: 61ms)
 GET /about 200 in 127ms (next.js: 30ms, application-code: 97ms)
✓ Compiled in 679ms
⚠ Fast Refresh had to perform a full reload when ./node_modules/next/dist/client/image-component.js changed. Read more: https://nextjs.org/docs/messages/fast-refresh-reload
 GET /about 200 in 1620ms (next.js: 667ms, application-code: 953ms)
 GET /about 200 in 700ms (next.js: 9ms, application-code: 690ms)
 GET /about 200 in 587ms (next.js: 7ms, application-code: 580ms)
 GET /about 200 in 64ms (next.js: 7ms, application-code: 57ms)
 GET /about 200 in 598ms (next.js: 65ms, application-code: 533ms)
 GET /robots.txt 200 in 157ms (next.js: 68ms, application-code: 89ms)
 GET /about 200 in 326ms (next.js: 40ms, application-code: 287ms)
 GET /robots.txt 200 in 10ms (next.js: 4ms, application-code: 7ms)
 GET /design-systems 404 in 2.1s (next.js: 1977ms, application-code: 92ms)
 GET /robots.txt 200 in 16ms (next.js: 11ms, application-code: 5ms)
 GET /design-system 200 in 857ms (next.js: 751ms, application-code: 105ms)
 GET /robots.txt 200 in 7ms (next.js: 3ms, application-code: 4ms)
 GET /opportunities 200 in 92ms (next.js: 48ms, application-code: 44ms)
 GET /resources 200 in 65ms (next.js: 42ms, application-code: 24ms)
 GET /functions 200 in 77ms (next.js: 27ms, application-code: 50ms)
 GET /about 200 in 56ms (next.js: 5ms, application-code: 52ms)
 GET /news 200 in 67ms (next.js: 37ms, application-code: 30ms)
✓ Compiled in 483ms
 GET /design-system 200 in 189ms (next.js: 37ms, application-code: 152ms)
 GET /robots.txt 200 in 14ms (next.js: 4ms, application-code: 9ms)
 GET / 200 in 130ms (next.js: 81ms, application-code: 49ms)
 GET /reports 200 in 72ms (next.js: 29ms, application-code: 42ms)
 GET /news 200 in 91ms (next.js: 20ms, application-code: 71ms)
 GET /about 200 in 89ms (next.js: 12ms, application-code: 77ms)
 GET /functions 200 in 142ms (next.js: 43ms, application-code: 99ms)
 GET /resources 200 in 51ms (next.js: 15ms, application-code: 35ms)
 GET /opportunities 200 in 38ms (next.js: 12ms, application-code: 26ms)
 GET /contact 200 in 50ms (next.js: 32ms, application-code: 18ms)
 GET / 200 in 62ms (next.js: 19ms, application-code: 43ms)
 GET /reports/performance-audit-rural-water-supply-sanitation 200 in 105ms (next.js: 52ms, application-code: 54ms)
 GET /reports 200 in 63ms (next.js: 13ms, application-code: 50ms)
 GET /opportunities 200 in 371ms (next.js: 125ms, application-code: 247ms)
 GET /contact 200 in 110ms (next.js: 35ms, application-code: 75ms)
